<?xml version="1.0" encoding="UTF-8"?>
<!-- Generated by org.testng.reporters.JUnitXMLReporter -->
<testsuite ignored="0" hostname="DESKTOP-8IRBSSS" failures="0" tests="6" name="Alarts" time="15.806" errors="0" timestamp="2022-01-26T15:25:03 IST">
  <testcase classname="test.Testingbaba_alartTest" name="clickonalartframewindowbtn" time="0.088"/>
  <testcase classname="test.Testingbaba_alartTest" name="clickonalartbtn" time="0.099"/>
  <testcase classname="test.Testingbaba_alartTest" name="clickonclickmebtn" time="0.086"/>
  <testcase classname="test.Testingbaba_alartTest" name="clickonclickmebtn2" time="5.196"/>
  <testcase classname="test.Testingbaba_alartTest" name="clickonclickmebtn3" time="0.1"/>
  <testcase classname="test.Testingbaba_alartTest" name="clickonclickmebtn4" time="0.126"/>
</testsuite> <!-- Alarts -->
