<?xml version="1.0" encoding="UTF-8"?>
<!-- Generated by org.testng.reporters.JUnitXMLReporter -->
<testsuite ignored="0" hostname="DESKTOP-8IRBSSS" failures="0" tests="6" name="Alarts" time="19.767" errors="0" timestamp="2022-01-08T18:31:30 IST">
  <testcase classname="test.Testingbaba_alartTest" name="clickonalartframewindowbtn" time="0.164"/>
  <testcase classname="test.Testingbaba_alartTest" name="clickonalartbtn" time="0.14"/>
  <testcase classname="test.Testingbaba_alartTest" name="clickonclickmebtn" time="0.161"/>
  <testcase classname="test.Testingbaba_alartTest" name="clickonclickmebtn2" time="5.38"/>
  <testcase classname="test.Testingbaba_alartTest" name="clickonclickmebtn3" time="0.108"/>
  <testcase classname="test.Testingbaba_alartTest" name="clickonclickmebtn4" time="0.127"/>
</testsuite> <!-- Alarts -->
