<?xml version="1.0" encoding="UTF-8"?>
<!-- Generated by org.testng.reporters.JUnitXMLReporter -->
<testsuite ignored="0" hostname="DESKTOP-8IRBSSS" failures="0" tests="2" name="Browser_Windows" time="17.072" errors="0" timestamp="2022-01-26T15:24:48 IST">
  <testcase classname="test.Testingbaba_browserwindowTest" name="clickonalartframewindowbtn" time="0.106"/>
  <testcase classname="test.Testingbaba_browserwindowTest" name="clickonbrowserwindowbtnbtn" time="6.863"/>
</testsuite> <!-- Browser_Windows -->
