<?xml version="1.0" encoding="UTF-8"?>
<!-- Generated by org.testng.reporters.JUnitXMLReporter -->
<testsuite ignored="0" hostname="DESKTOP-8IRBSSS" failures="0" tests="7" name="Buttons" time="11.343" errors="0" timestamp="2022-01-26T15:23:40 IST">
  <testcase classname="test.Testingbaba_ButtonTest" name="clickonElements" time="0.094"/>
  <testcase classname="test.Testingbaba_ButtonTest" name="clickonButtons" time="0.051"/>
  <testcase classname="test.Testingbaba_ButtonTest" name="performDoubleclick" time="0.166"/>
  <testcase classname="test.Testingbaba_ButtonTest" name="performRightclick" time="0.185"/>
  <testcase classname="test.Testingbaba_ButtonTest" name="clickonclick" time="0.167"/>
  <testcase classname="test.Testingbaba_ButtonTest" name="readbuttonboxdata" time="0.002"/>
  <testcase classname="test.Testingbaba_ButtonTest" name="getverifybuttondata" time="0.065"/>
</testsuite> <!-- Buttons -->
