<?xml version="1.0" encoding="UTF-8"?>
<!-- Generated by org.testng.reporters.JUnitXMLReporter -->
<testsuite ignored="0" hostname="DESKTOP-8IRBSSS" failures="1" tests="7" name="Buttons" time="16.418" errors="0" timestamp="2022-01-08T18:30:19 IST">
  <testcase classname="test.Testingbaba_ButtonTest" name="clickonElements" time="0.215"/>
  <testcase classname="test.Testingbaba_ButtonTest" name="clickonButtons" time="0.111"/>
  <testcase classname="test.Testingbaba_ButtonTest" name="performDoubleclick" time="0.175"/>
  <testcase classname="test.Testingbaba_ButtonTest" name="performRightclick" time="0.217"/>
  <testcase classname="test.Testingbaba_ButtonTest" name="clickonclick" time="0.199"/>
  <testcase classname="test.Testingbaba_ButtonTest" name="readbuttonboxdata" time="0.019"/>
  <testcase classname="test.Testingbaba_ButtonTest" name="getverifybuttondata" time="0.234">
    <failure type="org.junit.ComparisonFailure" message="expected:&amp;lt;[]&amp;gt; but was:&amp;lt;[you have done a double click]&amp;gt;">
      <![CDATA[org.junit.ComparisonFailure: expected:<[]> but was:<[you have done a double click]>
at org.junit.Assert.assertEquals(Assert.java:115)
at org.junit.Assert.assertEquals(Assert.java:144)
at pages.Testingbaba_Buttonpage.getverifybuttondata(Testingbaba_Buttonpage.java:99)
at test.Testingbaba_ButtonTest.getverifybuttondata(Testingbaba_ButtonTest.java:55)
at java.base/java.util.ArrayList.forEach(ArrayList.java:1511)
... Removed 27 stack frames]]>
    </failure>
  </testcase> <!-- getverifybuttondata -->
</testsuite> <!-- Buttons -->
