<?xml version="1.0" encoding="UTF-8"?>
<!-- Generated by org.testng.reporters.JUnitXMLReporter -->
<testsuite ignored="0" hostname="DESKTOP-8IRBSSS" failures="0" tests="5" name="Checkbox" time="15.19" errors="0" timestamp="2022-01-26T15:23:03 IST">
  <testcase classname="test.Testingbaba_CheckboxTest" name="clickonElements" time="0.055"/>
  <testcase classname="test.Testingbaba_CheckboxTest" name="clickoncheckbox" time="2.173"/>
  <testcase classname="test.Testingbaba_CheckboxTest" name="clickonselectedcheckbox" time="2.251"/>
  <testcase classname="test.Testingbaba_CheckboxTest" name="readcheckboxdata" time="0.002"/>
  <testcase classname="test.Testingbaba_CheckboxTest" name="getverifiedcheckboxdata" time="2.122"/>
</testsuite> <!-- Checkbox -->
