<?xml version="1.0" encoding="UTF-8"?>
<!-- Generated by org.testng.reporters.JUnitXMLReporter -->
<testsuite ignored="0" hostname="DESKTOP-8IRBSSS" failures="1" tests="5" name="Checkbox" time="19.434" errors="0" timestamp="2022-01-08T18:29:17 IST">
  <testcase classname="test.Testingbaba_CheckboxTest" name="clickonElements" time="0.093"/>
  <testcase classname="test.Testingbaba_CheckboxTest" name="clickoncheckbox" time="2.838"/>
  <testcase classname="test.Testingbaba_CheckboxTest" name="clickonselectedcheckbox" time="2.301"/>
  <testcase classname="test.Testingbaba_CheckboxTest" name="readcheckboxdata" time="0.016"/>
  <testcase classname="test.Testingbaba_CheckboxTest" name="getverifiedcheckboxdata" time="2.195">
    <failure type="org.junit.ComparisonFailure" message="expected:&amp;lt;[]&amp;gt; but was:&amp;lt;[You are selected Mobile]&amp;gt;">
      <![CDATA[org.junit.ComparisonFailure: expected:<[]> but was:<[You are selected Mobile]>
at org.junit.Assert.assertEquals(Assert.java:115)
at org.junit.Assert.assertEquals(Assert.java:144)
at pages.Testingbaba_Checkboxpage.getverifiedcheckboxdata(Testingbaba_Checkboxpage.java:88)
at test.Testingbaba_CheckboxTest.getverifiedcheckboxdata(Testingbaba_CheckboxTest.java:43)
at java.base/java.util.ArrayList.forEach(ArrayList.java:1511)
... Removed 27 stack frames]]>
    </failure>
  </testcase> <!-- getverifiedcheckboxdata -->
</testsuite> <!-- Checkbox -->
