<?xml version="1.0" encoding="UTF-8"?>
<!-- Generated by org.testng.reporters.JUnitXMLReporter -->
<testsuite ignored="0" hostname="DESKTOP-8IRBSSS" failures="0" tests="4" name="Frame" time="16.287" errors="0" timestamp="2022-01-08T18:31:46 IST">
  <testcase classname="test.Testingbaba_FrameTest" name="clickonalartframewindowbtn" time="0.263"/>
  <testcase classname="test.Testingbaba_FrameTest" name="clickonframebtn" time="0.177"/>
  <testcase classname="test.Testingbaba_FrameTest" name="longframe" time="0.155"/>
  <testcase classname="test.Testingbaba_FrameTest" name="samllframe" time="0.189"/>
</testsuite> <!-- Frame -->
