<?xml version="1.0" encoding="UTF-8"?>
<!-- Generated by org.testng.reporters.JUnitXMLReporter -->
<testsuite ignored="0" hostname="DESKTOP-8IRBSSS" failures="0" tests="4" name="Frame" time="10.339" errors="0" timestamp="2022-01-18T11:28:34 IST">
  <testcase classname="test.Testingbaba_FrameTest" name="clickonalartframewindowbtn" time="0.085"/>
  <testcase classname="test.Testingbaba_FrameTest" name="clickonframebtn" time="0.123"/>
  <testcase classname="test.Testingbaba_FrameTest" name="longframe" time="0.091"/>
  <testcase classname="test.Testingbaba_FrameTest" name="samllframe" time="0.167"/>
</testsuite> <!-- Frame -->
