<?xml version="1.0" encoding="UTF-8"?>
<!-- Generated by org.testng.reporters.JUnitXMLReporter -->
<testsuite ignored="0" hostname="DESKTOP-8IRBSSS" failures="0" tests="4" name="Links" time="15.283" errors="0" timestamp="2022-01-18T11:27:23 IST">
  <testcase classname="test.Testingbaba_linksTest" name="clickonElements" time="0.117"/>
  <testcase classname="test.Testingbaba_linksTest" name="clickonLinks" time="0.096"/>
  <testcase classname="test.Testingbaba_linksTest" name="clickonDemoPage" time="4.177"/>
  <testcase classname="test.Testingbaba_linksTest" name="clickonAPIcall" time="0.574"/>
</testsuite> <!-- Links -->
