<?xml version="1.0" encoding="UTF-8"?>
<!-- Generated by org.testng.reporters.JUnitXMLReporter -->
<testsuite ignored="0" hostname="DESKTOP-8IRBSSS" failures="0" tests="4" name="Links" time="21.377" errors="0" timestamp="2022-01-26T15:24:02 IST">
  <testcase classname="test.Testingbaba_linksTest" name="clickonElements" time="0.087"/>
  <testcase classname="test.Testingbaba_linksTest" name="clickonLinks" time="0.102"/>
  <testcase classname="test.Testingbaba_linksTest" name="clickonDemoPage" time="4.223"/>
  <testcase classname="test.Testingbaba_linksTest" name="clickonAPIcall" time="0.549"/>
</testsuite> <!-- Links -->
