<?xml version="1.0" encoding="UTF-8"?>
<!-- Generated by org.testng.reporters.JUnitXMLReporter -->
<testsuite ignored="0" hostname="DESKTOP-8IRBSSS" failures="0" tests="4" name="Modal_Dialoges" time="12.225" errors="0" timestamp="2022-01-18T11:28:57 IST">
  <testcase classname="test.Testingbaba_ModalDilogsTest" name="clickonalartframewindowbtn" time="0.114"/>
  <testcase classname="test.Testingbaba_ModalDilogsTest" name="clickonmodeldilogsbtnbtn" time="0.093"/>
  <testcase classname="test.Testingbaba_ModalDilogsTest" name="clickonsmallmodelbtn" time="0.852"/>
  <testcase classname="test.Testingbaba_ModalDilogsTest" name="clickonlargemodelbtnbtn" time="0.761"/>
</testsuite> <!-- Modal_Dialoges -->
