<?xml version="1.0" encoding="UTF-8"?>
<!-- Generated by org.testng.reporters.JUnitXMLReporter -->
<testsuite ignored="0" hostname="DESKTOP-8IRBSSS" failures="0" tests="4" name="NestedFrame" time="9.329" errors="0" timestamp="2022-01-26T15:25:20 IST">
  <testcase classname="test.Testingbaba_FrameTest" name="clickonalartframewindowbtn" time="0.088"/>
  <testcase classname="test.Testingbaba_FrameTest" name="clickonframebtn" time="0.105"/>
  <testcase classname="test.Testingbaba_FrameTest" name="longframe" time="0.06"/>
  <testcase classname="test.Testingbaba_FrameTest" name="samllframe" time="0.075"/>
</testsuite> <!-- NestedFrame -->
