<?xml version="1.0" encoding="UTF-8"?>
<!-- Generated by org.testng.reporters.JUnitXMLReporter -->
<testsuite ignored="0" hostname="DESKTOP-8IRBSSS" failures="0" tests="4" name="NestedFrame" time="10.389" errors="0" timestamp="2022-01-18T11:28:45 IST">
  <testcase classname="test.Testingbaba_FrameTest" name="clickonalartframewindowbtn" time="0.143"/>
  <testcase classname="test.Testingbaba_FrameTest" name="clickonframebtn" time="0.098"/>
  <testcase classname="test.Testingbaba_FrameTest" name="longframe" time="0.077"/>
  <testcase classname="test.Testingbaba_FrameTest" name="samllframe" time="0.05"/>
</testsuite> <!-- NestedFrame -->
