<?xml version="1.0" encoding="UTF-8"?>
<!-- Generated by org.testng.reporters.JUnitXMLReporter -->
<testsuite ignored="0" hostname="DESKTOP-8IRBSSS" failures="0" tests="3" name="Radiobutton" time="8.856" errors="0" timestamp="2022-01-18T11:33:59 IST">
  <testcase classname="test.Testingbaba_RadiobuttonTest" name="clickonElements" time="0.063"/>
  <testcase classname="test.Testingbaba_RadiobuttonTest" name="clickonradiobutton" time="0.058"/>
  <testcase classname="test.Testingbaba_RadiobuttonTest" name="clickonNobutton" time="0.05"/>
</testsuite> <!-- Radiobutton -->
