<?xml version="1.0" encoding="UTF-8"?>
<!-- Generated by org.testng.reporters.JUnitXMLReporter -->
<testsuite ignored="0" hostname="DESKTOP-8IRBSSS" failures="0" tests="3" name="Radiobutton" time="8.758" errors="0" timestamp="2022-01-26T15:23:11 IST">
  <testcase classname="test.Testingbaba_RadiobuttonTest" name="clickonElements" time="0.076"/>
  <testcase classname="test.Testingbaba_RadiobuttonTest" name="clickonradiobutton" time="0.053"/>
  <testcase classname="test.Testingbaba_RadiobuttonTest" name="clickonNobutton" time="0.053"/>
</testsuite> <!-- Radiobutton -->
