<?xml version="1.0" encoding="UTF-8"?>
<!-- Generated by org.testng.reporters.JUnitXMLReporter -->
<testsuite ignored="0" hostname="DESKTOP-8IRBSSS" failures="0" tests="4" name="Select_Menu" time="11.874" errors="0" timestamp="2022-01-18T11:29:09 IST">
  <testcase classname="test.Testingbaba_SelectMenuTest" name="clickonSelectmenubtn" time="0.247"/>
  <testcase classname="test.Testingbaba_SelectMenuTest" name="clickonselectone" time="0.163"/>
  <testcase classname="test.Testingbaba_SelectMenuTest" name="clickonstyleselectmenubtn" time="0.134"/>
  <testcase classname="test.Testingbaba_SelectMenuTest" name="clickonmultiselectbtn" time="0.214"/>
</testsuite> <!-- Select_Menu -->
