<?xml version="1.0" encoding="UTF-8"?>
<!-- Generated by org.testng.reporters.JUnitXMLReporter -->
<testsuite ignored="0" hostname="DESKTOP-8IRBSSS" failures="0" tests="4" name="Select_Menu" time="9.354" errors="0" timestamp="2022-01-26T15:26:27 IST">
  <testcase classname="test.Testingbaba_SelectMenuTest" name="clickonSelectmenubtn" time="0.188"/>
  <testcase classname="test.Testingbaba_SelectMenuTest" name="clickonselectone" time="0.209"/>
  <testcase classname="test.Testingbaba_SelectMenuTest" name="clickonstyleselectmenubtn" time="0.146"/>
  <testcase classname="test.Testingbaba_SelectMenuTest" name="clickonmultiselectbtn" time="0.194"/>
</testsuite> <!-- Select_Menu -->
