<?xml version="1.0" encoding="UTF-8"?>
<!-- Generated by org.testng.reporters.JUnitXMLReporter -->
<testsuite ignored="0" hostname="DESKTOP-8IRBSSS" failures="0" tests="4" name="Textbox" time="10.251" errors="0" timestamp="2022-01-18T11:33:33 IST">
  <testcase classname="test.Testingbaba_TextBoxTest" name="clickonElements" time="0.055"/>
  <testcase classname="test.Testingbaba_TextBoxTest" name="clickonTextBox" time="0.058"/>
  <testcase classname="test.Testingbaba_TextBoxTest" name="Filltaxboxdetails" time="0.466"/>
  <testcase classname="test.Testingbaba_TextBoxTest" name="getvarifytextboxdata" time="0.146"/>
</testsuite> <!-- Textbox -->
