<?xml version="1.0" encoding="UTF-8"?>
<!-- Generated by org.testng.reporters.JUnitXMLReporter -->
<testsuite ignored="0" hostname="DESKTOP-8IRBSSS" failures="0" tests="3" name="Uploadfile" time="16.215" errors="0" timestamp="2022-01-08T18:30:52 IST">
  <testcase classname="test.Testingbaba_UploadfileTest" name="clickonElements" time="0.307"/>
  <testcase classname="test.Testingbaba_UploadfileTest" name="clickonUploaddownload" time="0.154"/>
  <testcase classname="test.Testingbaba_UploadfileTest" name="clickonuploadfile" time="5.163"/>
</testsuite> <!-- Uploadfile -->
