<?xml version="1.0" encoding="UTF-8"?>
<!-- Generated by org.testng.reporters.JUnitXMLReporter -->
<testsuite ignored="0" hostname="DESKTOP-8IRBSSS" failures="0" tests="3" name="Uploadfile" time="12.649" errors="0" timestamp="2022-01-26T15:24:14 IST">
  <testcase classname="test.Testingbaba_UploadfileTest" name="clickonElements" time="0.089"/>
  <testcase classname="test.Testingbaba_UploadfileTest" name="clickonUploaddownload" time="0.097"/>
  <testcase classname="test.Testingbaba_UploadfileTest" name="clickonuploadfile" time="2.366"/>
</testsuite> <!-- Uploadfile -->
