<?xml version="1.0" encoding="UTF-8"?>
<!-- Generated by org.testng.reporters.JUnitXMLReporter -->
<testsuite ignored="0" hostname="DESKTOP-8IRBSSS" failures="0" tests="4" name="WebTable" time="17.598" errors="0" timestamp="2022-01-26T15:23:29 IST">
  <testcase classname="test.Testingbaba_WebtableTest" name="clickonElements" time="0.111"/>
  <testcase classname="test.Testingbaba_WebtableTest" name="clickonwebtable" time="0.061"/>
  <testcase classname="test.Testingbaba_WebtableTest" name="filldetails" time="1.34"/>
  <testcase classname="test.Testingbaba_WebtableTest" name="updatedetails" time="0.952"/>
</testsuite> <!-- WebTable -->
