<?xml version="1.0" encoding="UTF-8"?>
<!-- Generated by org.testng.reporters.JUnitXMLReporter -->
<testsuite ignored="0" hostname="DESKTOP-8IRBSSS" failures="0" tests="4" name="WebTable" time="14.472" errors="0" timestamp="2022-01-18T11:26:56 IST">
  <testcase classname="test.Testingbaba_WebtableTest" name="clickonElements" time="0.053"/>
  <testcase classname="test.Testingbaba_WebtableTest" name="clickonwebtable" time="0.054"/>
  <testcase classname="test.Testingbaba_WebtableTest" name="filldetails" time="4.032"/>
  <testcase classname="test.Testingbaba_WebtableTest" name="updatedetails" time="0.895"/>
</testsuite> <!-- WebTable -->
