<?xml version="1.0" encoding="UTF-8"?>
<testng-results ignored="0" total="1" passed="0" failed="1" skipped="0">
  <reporter-output>
  </reporter-output>
  <suite started-at="2022-01-26T16:06:53 IST" name="Default suite" finished-at="2022-01-26T16:07:02 IST" duration-ms="9286">
    <groups>
    </groups>
    <test started-at="2022-01-26T16:06:53 IST" name="Default test" finished-at="2022-01-26T16:07:02 IST" duration-ms="9286">
      <class name="test.Testingbaba_DatePickerTest">
        <test-method is-config="true" signature="getlaunch_testingbabaUrl()[pri:0, instance:test.Testingbaba_DatePickerTest@6a28ffa4]" started-at="2022-01-26T16:06:53 IST" name="getlaunch_testingbabaUrl" finished-at="2022-01-26T16:07:02 IST" duration-ms="8764" status="PASS">
          <reporter-output>
          </reporter-output>
        </test-method> <!-- getlaunch_testingbabaUrl -->
        <test-method signature="clickondatepicker()[pri:0, instance:test.Testingbaba_DatePickerTest@6a28ffa4]" started-at="2022-01-26T16:07:02 IST" name="clickondatepicker" finished-at="2022-01-26T16:07:02 IST" duration-ms="221" status="FAIL">
          <exception class="java.lang.IllegalArgumentException">
            <message>
              <![CDATA[Cannot format given Object as a Date]]>
            </message>
            <full-stacktrace>
              <![CDATA[java.lang.IllegalArgumentException: Cannot format given Object as a Date
at java.base/java.text.DateFormat.format(DateFormat.java:339)
at java.base/java.text.Format.format(Format.java:159)
at applicationutility.Applicationutility.datepick(Applicationutility.java:88)
at pages.Testingbaba_DatePickerpage.date(Testingbaba_DatePickerpage.java:44)
at test.Testingbaba_DatePickerTest.clickondatepicker(Testingbaba_DatePickerTest.java:23)
at java.base/jdk.internal.reflect.NativeMethodAccessorImpl.invoke0(Native Method)
at java.base/jdk.internal.reflect.NativeMethodAccessorImpl.invoke(NativeMethodAccessorImpl.java:78)
at java.base/jdk.internal.reflect.DelegatingMethodAccessorImpl.invoke(DelegatingMethodAccessorImpl.java:43)
at java.base/java.lang.reflect.Method.invoke(Method.java:567)
at org.testng.internal.MethodInvocationHelper.invokeMethod(MethodInvocationHelper.java:133)
at org.testng.internal.TestInvoker.invokeMethod(TestInvoker.java:598)
at org.testng.internal.TestInvoker.invokeTestMethod(TestInvoker.java:173)
at org.testng.internal.MethodRunner.runInSequence(MethodRunner.java:46)
at org.testng.internal.TestInvoker$MethodInvocationAgent.invoke(TestInvoker.java:824)
at org.testng.internal.TestInvoker.invokeTestMethods(TestInvoker.java:146)
at org.testng.internal.TestMethodWorker.invokeTestMethods(TestMethodWorker.java:146)
at org.testng.internal.TestMethodWorker.run(TestMethodWorker.java:128)
at java.base/java.util.ArrayList.forEach(ArrayList.java:1511)
at org.testng.TestRunner.privateRun(TestRunner.java:794)
at org.testng.TestRunner.run(TestRunner.java:596)
at org.testng.SuiteRunner.runTest(SuiteRunner.java:377)
at org.testng.SuiteRunner.runSequentially(SuiteRunner.java:371)
at org.testng.SuiteRunner.privateRun(SuiteRunner.java:332)
at org.testng.SuiteRunner.run(SuiteRunner.java:276)
at org.testng.SuiteRunnerWorker.runSuite(SuiteRunnerWorker.java:53)
at org.testng.SuiteRunnerWorker.run(SuiteRunnerWorker.java:96)
at org.testng.TestNG.runSuitesSequentially(TestNG.java:1212)
at org.testng.TestNG.runSuitesLocally(TestNG.java:1134)
at org.testng.TestNG.runSuites(TestNG.java:1063)
at org.testng.TestNG.run(TestNG.java:1031)
at org.testng.remote.AbstractRemoteTestNG.run(AbstractRemoteTestNG.java:115)
at org.testng.remote.RemoteTestNG.initAndRun(RemoteTestNG.java:251)
at org.testng.remote.RemoteTestNG.main(RemoteTestNG.java:77)
]]>
            </full-stacktrace>
          </exception> <!-- java.lang.IllegalArgumentException -->
          <reporter-output>
          </reporter-output>
        </test-method> <!-- clickondatepicker -->
        <test-method is-config="true" signature="resultanalysis(org.testng.ITestResult)[pri:0, instance:test.Testingbaba_DatePickerTest@6a28ffa4]" started-at="2022-01-26T16:07:02 IST" name="resultanalysis" finished-at="2022-01-26T16:07:02 IST" duration-ms="267" status="PASS">
          <params>
            <param index="0">
              <value>
                <![CDATA[[TestResult name=clickondatepicker status=FAILURE method=Testingbaba_DatePickerTest.clickondatepicker()[pri:0, instance:test.Testingbaba_DatePickerTest@6a28ffa4] output={null}]]]>
              </value>
            </param>
          </params>
          <reporter-output>
          </reporter-output>
        </test-method> <!-- resultanalysis -->
        <test-method is-config="true" signature="teardown()[pri:0, instance:test.Testingbaba_DatePickerTest@6a28ffa4]" started-at="2022-01-26T16:07:02 IST" name="teardown" finished-at="2022-01-26T16:07:02 IST" duration-ms="1" status="PASS">
          <reporter-output>
          </reporter-output>
        </test-method> <!-- teardown -->
      </class> <!-- test.Testingbaba_DatePickerTest -->
    </test> <!-- Default test -->
  </suite> <!-- Default suite -->
</testng-results>
